<?xml version="1.0" encoding="UTF-8"?>
<!-- Generated by org.testng.reporters.JUnitReportReporter -->
<testsuite hostname="HBCNPC005" name="com.haiberg.automation.apps.client.testcases.FLHomePage" tests="2" failures="1" timestamp="23 Apr 2015 06:57:14 GMT" time="28.361" errors="0">
  <testcase name="CheckQuickAccess" time="9.751" classname="com.haiberg.automation.apps.client.testcases.FLHomePage">
    <failure type="java.lang.IllegalArgumentException" message="Can&#039;t pass in null Dispatch object">
      <![CDATA[java.lang.IllegalArgumentException: Can't pass in null Dispatch object
	at com.jacob.com.Dispatch.throwIfUnattachedDispatch(Dispatch.java:283)
	at com.jacob.com.Dispatch.get(Dispatch.java:787)
	at com.haiberg.automation.core.logger.control.WordManager.copyParagraphFromAnotherDoc(WordManager.java:245)
	at com.haiberg.automation.core.logger.control.LogSteps.LogEstart(LogSteps.java:28)
	at com.haiberg.automation.core.logger.control.CoreLogger.info(CoreLogger.java:67)
	at com.haiberg.automation.CoreAuto.CoreAutomation.assertTrue(CoreAutomation.java:56)
	at com.haiberg.automation.apps.client.testcases.FLHomePage.CheckQuickAccess(FLHomePage.java:171)
	at sun.reflect.NativeMethodAccessorImpl.invoke0(Native Method)
	at sun.reflect.NativeMethodAccessorImpl.invoke(NativeMethodAccessorImpl.java:57)
	at sun.reflect.DelegatingMethodAccessorImpl.invoke(DelegatingMethodAccessorImpl.java:43)
	at java.lang.reflect.Method.invoke(Method.java:606)
	at org.testng.internal.MethodInvocationHelper.invokeMethod(MethodInvocationHelper.java:84)
	at org.testng.internal.Invoker.invokeMethod(Invoker.java:714)
	at org.testng.internal.Invoker.invokeTestMethod(Invoker.java:901)
	at org.testng.internal.Invoker.invokeTestMethods(Invoker.java:1231)
	at org.testng.internal.TestMethodWorker.invokeTestMethods(TestMethodWorker.java:127)
	at org.testng.internal.TestMethodWorker.run(TestMethodWorker.java:111)
	at org.testng.TestRunner.privateRun(TestRunner.java:767)
	at org.testng.TestRunner.run(TestRunner.java:617)
	at org.testng.SuiteRunner.runTest(SuiteRunner.java:334)
	at org.testng.SuiteRunner.runSequentially(SuiteRunner.java:329)
	at org.testng.SuiteRunner.privateRun(SuiteRunner.java:291)
	at org.testng.SuiteRunner.run(SuiteRunner.java:240)
	at org.testng.SuiteRunnerWorker.runSuite(SuiteRunnerWorker.java:52)
	at org.testng.SuiteRunnerWorker.run(SuiteRunnerWorker.java:86)
	at org.testng.TestNG.runSuitesSequentially(TestNG.java:1224)
	at org.testng.TestNG.runSuitesLocally(TestNG.java:1149)
	at org.testng.TestNG.run(TestNG.java:1057)
	at org.testng.remote.RemoteTestNG.run(RemoteTestNG.java:111)
	at org.testng.remote.RemoteTestNG.initAndRun(RemoteTestNG.java:204)
	at org.testng.remote.RemoteTestNG.main(RemoteTestNG.java:175)
]]>
    </failure>
  </testcase> <!-- CheckQuickAccess -->
  <testcase name="CheckQuickAccess" time="18.610" classname="com.haiberg.automation.apps.client.testcases.FLHomePage"/>
</testsuite> <!-- com.haiberg.automation.apps.client.testcases.FLHomePage -->
